[Container] 2023/03/02 10:38:55 Waiting for agent ping
[Container] 2023/03/02 10:38:58 Waiting for DOWNLOAD_SOURCE
[Container] 2023/03/02 10:39:23 Phase is DOWNLOAD_SOURCE
[Container] 2023/03/02 10:39:23 CODEBUILD_SRC_DIR=/codebuild/output/src674337227/src/github.com/lvgs/project-KC
[Container] 2023/03/02 10:39:23 YAML location is /codebuild/readonly/buildspec.yml
[Container] 2023/03/02 10:39:23 Setting HTTP client timeout to higher timeout for Github and GitHub Enterprise sources
[Container] 2023/03/02 10:39:23 Processing environment variables
[Container] 2023/03/02 10:39:23 Decrypting parameter store environment variables
[Container] 2023/03/02 10:39:25 Moving to directory /codebuild/output/src674337227/src/github.com/lvgs/project-KC
[Container] 2023/03/02 10:39:25 Registering with agent
[Container] 2023/03/02 10:39:25 Phases found in YAML: 4
[Container] 2023/03/02 10:39:25  PRE_BUILD: 15 commands
[Container] 2023/03/02 10:39:25  BUILD: 16 commands
[Container] 2023/03/02 10:39:25  POST_BUILD: 4 commands
[Container] 2023/03/02 10:39:25  INSTALL: 2 commands
[Container] 2023/03/02 10:39:25 Phase complete: DOWNLOAD_SOURCE State: SUCCEEDED
[Container] 2023/03/02 10:39:25 Phase context status code:  Message: 
[Container] 2023/03/02 10:39:25 Entering phase INSTALL
[Container] 2023/03/02 10:39:25 Running command yum -y install epel-release
Loaded plugins: ovl, priorities
Repodata is over 2 weeks old. Install yum-cron? Or run: yum makecache fast
http://remi.mirrors.arminco.com/enterprise/6/safe/x86_64/repodata/repomd.xml: [Errno 12] Timeout on http://remi.mirrors.arminco.com/enterprise/6/safe/x86_64/repodata/repomd.xml: (28, 'Connection timed out after 5000 milliseconds')
Trying other mirror.
1851 packages excluded due to repository priority protections
Package epel-release-6-8.9.amzn1.noarch already installed and latest version
Nothing to do

[Container] 2023/03/02 10:39:36 Running command yum -y install jq
Loaded plugins: ovl, priorities
1851 packages excluded due to repository priority protections
Resolving Dependencies
--> Running transaction check
---> Package jq.x86_64 0:1.5-1.2.amzn1 will be installed
--> Processing Dependency: jq-libs(x86-64) = 1.5-1.2.amzn1 for package: jq-1.5-1.2.amzn1.x86_64
--> Processing Dependency: oniguruma for package: jq-1.5-1.2.amzn1.x86_64
--> Processing Dependency: libonig.so.2()(64bit) for package: jq-1.5-1.2.amzn1.x86_64
--> Processing Dependency: libjq.so.1()(64bit) for package: jq-1.5-1.2.amzn1.x86_64
--> Running transaction check
---> Package jq-libs.x86_64 0:1.5-1.2.amzn1 will be installed
---> Package oniguruma.x86_64 0:5.9.6-4.4.amzn1 will be installed
--> Finished Dependency Resolution

Dependencies Resolved

================================================================================
 Package         Arch         Version                  Repository          Size
================================================================================
Installing:
 jq              x86_64       1.5-1.2.amzn1            amzn-main           44 k
Installing for dependencies:
 jq-libs         x86_64       1.5-1.2.amzn1            amzn-main          121 k
 oniguruma       x86_64       5.9.6-4.4.amzn1          amzn-updates       153 k

Transaction Summary
================================================================================
Install  1 Package (+2 Dependent packages)

Total download size: 317 k
Installed size: 888 k
Downloading packages:
--------------------------------------------------------------------------------
Total                                              491 kB/s | 317 kB  00:00     
Running transaction check
Running transaction test
Transaction test succeeded
Running transaction
  Installing : oniguruma-5.9.6-4.4.amzn1.x86_64                             1/3 
  Installing : jq-libs-1.5-1.2.amzn1.x86_64                                 2/3 
  Installing : jq-1.5-1.2.amzn1.x86_64                                      3/3 
  Verifying  : oniguruma-5.9.6-4.4.amzn1.x86_64                             1/3 
  Verifying  : jq-1.5-1.2.amzn1.x86_64                                      2/3 
  Verifying  : jq-libs-1.5-1.2.amzn1.x86_64                                 3/3 

Installed:
  jq.x86_64 0:1.5-1.2.amzn1                                                     

Dependency Installed:
  jq-libs.x86_64 0:1.5-1.2.amzn1       oniguruma.x86_64 0:5.9.6-4.4.amzn1      

Complete!

[Container] 2023/03/02 10:39:38 Phase complete: INSTALL State: SUCCEEDED
[Container] 2023/03/02 10:39:38 Phase context status code:  Message: 
[Container] 2023/03/02 10:39:38 Entering phase PRE_BUILD
[Container] 2023/03/02 10:39:38 Running command CLUSTER_NAME=dev-kc

[Container] 2023/03/02 10:39:38 Running command PORT_OFFSET=30000

[Container] 2023/03/02 10:39:38 Running command PORT_LIMIT=1000

[Container] 2023/03/02 10:39:38 Running command PR_NUM=${CODEBUILD_SOURCE_VERSION#*/}

[Container] 2023/03/02 10:39:38 Running command HOST_PORT_NUM=$(($PORT_OFFSET+($PR_NUM%$PORT_LIMIT)))

[Container] 2023/03/02 10:39:38 Running command TASK_ARNS=$(echo `aws ecs list-tasks --cluster $CLUSTER_NAME | jq -r '.taskArns[]'`)

[Container] 2023/03/02 10:39:39 Running command for ARN in ${TASK_ARNS[@]}; do
  TASK_DEFINITION_ARN=(`aws ecs describe-tasks --cluster $CLUSTER_NAME --tasks $ARN | jq -r '.tasks[].taskDefinitionArn'`);
  ENV_PR_NUM=(`aws ecs describe-task-definition --task-definition $TASK_DEFINITION_ARN | jq -r '.taskDefinition.containerDefinitions[].environment|map(select(.["name"] == "pr_num"))|.[].value'`);
  if [ $ENV_PR_NUM = $PR_NUM ]; then
    aws ecs stop-task --cluster $CLUSTER_NAME --task $ARN;
  fi;
done


[Container] 2023/03/02 10:39:41 Running command service docker start
Starting cgconfig service: /sbin/cgconfigparser; error loading /etc/cgconfig.conf: Cgroup mounting failed
Error: cannot mount cpu to /cgroup/cpu: Device or resource busy
Failed to parse /etc/cgconfig.conf[FAILED]
Starting docker:    .[  OK  ]

[Container] 2023/03/02 10:39:42 Running command cp /root/Dockerfile ./

[Container] 2023/03/02 10:39:42 Running command cat /root/Dockerfile
FROM 629161861290.dkr.ecr.ap-northeast-1.amazonaws.com/inspection-kc:latest 
RUN echo "memory_limit = 256M" >> /usr/local/etc/php/php.ini 
RUN apt-get update && apt-get install -y zlib1g-dev libpq-dev iputils-ping net-tools git
RUN docker-php-ext-install pdo_pgsql pgsql mbstring 
RUN pecl install redis-5.2.2 && docker-php-ext-enable redis 
ADD . /www/project-KC/current 
CMD ["bash", "-c", "cd /www/project-KC/current/laravel && php artisan serve --host 0.0.0.0"]

[Container] 2023/03/02 10:39:42 Running command mkdir -p ~/.ssh

[Container] 2023/03/02 10:39:42 Running command echo "$gh_ssh_key" > ~/.ssh/id_rsa

[Container] 2023/03/02 10:39:42 Running command chmod 600 ~/.ssh/id_rsa

[Container] 2023/03/02 10:39:42 Running command ssh-keyscan github.com >>~/.ssh/known_hosts

[Container] 2023/03/02 10:39:47 Running command $(aws ecr get-login --no-include-email --region $AWS_DEFAULT_REGION)
WARNING! Using --password via the CLI is insecure. Use --password-stdin.
WARNING! Your password will be stored unencrypted in /root/.docker/config.json.
Configure a credential helper to remove this warning. See
https://docs.docker.com/engine/reference/commandline/login/#credentials-store

Login Succeeded

[Container] 2023/03/02 10:39:48 Phase complete: PRE_BUILD State: SUCCEEDED
[Container] 2023/03/02 10:39:48 Phase context status code:  Message: 
[Container] 2023/03/02 10:39:48 Entering phase BUILD
[Container] 2023/03/02 10:39:48 Running command echo Build started on `date`
Build started on Thu Mar 2 10:39:48 UTC 2023

[Container] 2023/03/02 10:39:48 Running command composer install
Loading composer repositories with package information
Installing dependencies (including require-dev) from lock file
Package operations: 8 installs, 0 updates, 0 removals
As there is no 'unzip' command installed zip files are being unpacked using the PHP zip extension.
This may cause invalid reports of corrupted archives. Besides, any UNIX permissions (e.g. executable) defined in the archives will be lost.
Installing 'unzip' may remediate them.
  - Installing squizlabs/php_codesniffer (2.9.1): Downloading (connecting...)···························Downloading (0%)           ···························Downloading (5%)················Downloading (10%)·················Downloading (15%)·················Downloading (20%)·················Downloading (25%)·················Downloading (30%)·················Downloading (35%)·················Downloading (40%)·················Downloading (45%)·················Downloading (50%)·················Downloading (55%)·················Downloading (60%)·················Downloading (65%)·················Downloading (70%)·················Downloading (75%)·················Downloading (80%)·················Downloading (85%)·················Downloading (90%)·················Downloading (95%)·················Downloading (100%)
  - Installing symfony/filesystem (v3.3.9): Downloading (connecting...)···························Downloading (100%)         ·········
  - Installing psr/container (1.0.0): Downloading (connecting...)···························Downloading (0%)           ···························Downloading (75%)·················Downloading (100%)
  - Installing symfony/dependency-injection (v3.3.9): Downloading (connecting...)···························Downloading (100%)         ·········
  - Installing symfony/config (v3.3.9): Downloading (connecting...)···························Downloading (100%)         ·········
  - Installing pdepend/pdepend (2.5.0): Downloading (connecting...)···························Downloading (100%)         ·········
  - Installing phpmd/phpmd (2.6.0): Downloading (connecting...)···························Downloading (0%)           ···························Downloading (5%)················Downloading (10%)·················Downloading (15%)·················Downloading (20%)·················Downloading (25%)·················Downloading (30%)·················Downloading (35%)·················Downloading (40%)·················Downloading (45%)·················Downloading (50%)·················Downloading (55%)·················Downloading (60%)·················Downloading (65%)·················Downloading (70%)·················Downloading (75%)·················Downloading (80%)·················Downloading (85%)·················Downloading (90%)·················Downloading (95%)·················Downloading (100%)
  - Installing lvgs/tool-git-hooks (dev-master 2bf7a88): Cloning 2bf7a88150
    Failed to download lvgs/tool-git-hooks from source: Failed to execute git clone --no-checkout 'git@github.com:lvgs/tool-GitHooks.git' '/codebuild/output/src674337227/src/github.com/lvgs/project-KC/vendor/lvgs/tool-git-hooks' && cd '/codebuild/output/src674337227/src/github.com/lvgs/project-KC/vendor/lvgs/tool-git-hooks' && git remote add composer 'git@github.com:lvgs/tool-GitHooks.git' && git fetch composer && git remote set-url origin 'git@github.com:lvgs/tool-GitHooks.git' && git remote set-url composer 'git@github.com:lvgs/tool-GitHooks.git'


    Now trying to download from dist
  - Installing lvgs/tool-git-hooks (dev-master 2bf7a88): Warning: Accessing satis.lvgs.jp over http which is an insecure protocol.
Downloading (connecting...)···························Downloading (0%)           ···········
                                                                                                                                                                                          
  [Composer\Downloader\TransportException]                                                                                                                                                
  The "https://satis.lvgs.jp/dist/lvgs/tool-git-hooks/lvgs-tool-git-hooks-2bf7a88150820fe5b41bb9a0c23b6c5014248b2d-zip-5a6658.zip" file could not be downloaded (HTTP/1.1 404 Not Found)  
                                                                                                                                                                                          

install [--prefer-source] [--prefer-dist] [--dry-run] [--dev] [--no-dev] [--no-custom-installers] [--no-autoloader] [--no-scripts] [--no-progress] [--no-suggest] [-v|vv|vvv|--verbose] [-o|--optimize-autoloader] [-a|--classmap-authoritative] [--apcu-autoloader] [--ignore-platform-reqs] [--] [<packages>]...


[Container] 2023/03/02 10:44:15 Command did not exit successfully composer install exit status 255
[Container] 2023/03/02 10:44:15 Phase complete: BUILD State: FAILED
[Container] 2023/03/02 10:44:15 Phase context status code: COMMAND_EXECUTION_ERROR Message: Error while executing command: composer install. Reason: exit status 255
[Container] 2023/03/02 10:44:15 Entering phase POST_BUILD
[Container] 2023/03/02 10:44:15 Running command echo Pushing the Docker iamge...
Pushing the Docker iamge...

[Container] 2023/03/02 10:44:15 Running command docker push $AWS_ACCOUNT_ID.dkr.ecr.$AWS_DEFAULT_REGION.amazonaws.com/$IMAGE_REPO_NAME:$PR_NUM
The push refers to repository [629161861290.dkr.ecr.ap-northeast-1.amazonaws.com/project-kc-dev]
An image does not exist locally with the tag: 629161861290.dkr.ecr.ap-northeast-1.amazonaws.com/project-kc-dev

[Container] 2023/03/02 10:44:15 Command did not exit successfully docker push $AWS_ACCOUNT_ID.dkr.ecr.$AWS_DEFAULT_REGION.amazonaws.com/$IMAGE_REPO_NAME:$PR_NUM exit status 1
[Container] 2023/03/02 10:44:15 Phase complete: POST_BUILD State: FAILED
[Container] 2023/03/02 10:44:15 Phase context status code: COMMAND_EXECUTION_ERROR Message: Error while executing command: docker push $AWS_ACCOUNT_ID.dkr.ecr.$AWS_DEFAULT_REGION.amazonaws.com/$IMAGE_REPO_NAME:$PR_NUM. Reason: exit status 1
[Container] 2023/03/02 10:44:15 Phase complete: UPLOAD_ARTIFACTS State: SUCCEEDED
[Container] 2023/03/02 10:44:15 Phase context status code:  Message: 
